<?xml version="1.0" encoding="UTF-8"?>
<testsuite xmlns:xsi="http://www.w3.org/2001/XMLSchema-instance" xsi:noNamespaceSchemaLocation="https://maven.apache.org/surefire/maven-surefire-plugin/xsd/surefire-test-report.xsd" name="TestSuite" time="20.212" tests="4" errors="0" skipped="2" failures="1">
  <properties>
[...]
</properties>
  <testcase name="verifyStudentManditoryFields" classname="framework.CrudStudent" time="0.919"/>
  <testcase name="createStudent" classname="framework.CrudStudent" time="13.263">
    <failure message="no such element: Unable to locate element: {&quot;method&quot;:&quot;xpath&quot;,&quot;selector&quot;:&quot;//td[text()=&apos;Virat Kohli&apos;]&quot;}&#10;  (Session info: chrome=66.0.3359.117)&#10;  (Driver info: chromedriver=2.38.551601 (edb21f07fc70e9027c746edd3201443e011a61ed),platform=Windows NT 6.1.7601 SP1 x86_64) (WARNING: The server did not provide any stacktrace information)&#10;Command duration or timeout: 0 milliseconds&#10;For documentation on this error, please visit: http://seleniumhq.org/exceptions/no_such_element.html&#10;Build info: version: &apos;3.5.3&apos;, revision: &apos;a88d25fe6b&apos;, time: &apos;2017-08-29T12:42:44.417Z&apos;&#10;System info: host: &apos;workstation&apos;, ip: &apos;10.142.0.2&apos;, os.name: &apos;Linux&apos;, os.arch: &apos;amd64&apos;, os.version: &apos;3.10.0-693.21.1.el7.x86_64&apos;, java.version: &apos;1.8.0_171&apos;&#10;Driver info: org.openqa.selenium.remote.RemoteWebDriver&#10;Capabilities [{mobileEmulationEnabled=false, hasTouchScreen=false, platform=XP, acceptSslCerts=false, acceptInsecureCerts=false, webStorageEnabled=true, takesScreenshot=true, browserName=chrome, javascriptEnabled=true, platformName=XP, setWindowRect=true, unexpectedAlertBehaviour=, applicationCacheEnabled=false, rotatable=false, networkConnectionEnabled=false, chrome={chromedriverVersion=2.38.551601 (edb21f07fc70e9027c746edd3201443e011a61ed), userDataDir=C:\Users\ADMINI~1\AppData\Local\Temp\scoped_dir1548_15139}, takesHeapSnapshot=true, unhandledPromptBehavior=, pageLoadStrategy=normal, hasMetadata=true, handlesAlerts=true, databaseEnabled=false, version=66.0.3359.117, browserConnectionEnabled=false, nativeEvents=true, webdriver.remote.sessionid=12ce2b1856a64e66827cfeffb3a3fc38, locationContextEnabled=true, cssSelectorsEnabled=true}]&#10;Session ID: 12ce2b1856a64e66827cfeffb3a3fc38&#10;*** Element info: {Using=xpath, value=//td[text()=&apos;Virat Kohli&apos;]}" type="org.openqa.selenium.NoSuchElementException">org.openqa.selenium.NoSuchElementException: 
no such element: Unable to locate element: {"method":"xpath","selector":"//td[text()='Virat Kohli']"}
  (Session info: chrome=66.0.3359.117)
  (Driver info: chromedriver=2.38.551601 (edb21f07fc70e9027c746edd3201443e011a61ed),platform=Windows NT 6.1.7601 SP1 x86_64) (WARNING: The server did not provide any stacktrace information)
Command duration or timeout: 0 milliseconds
For documentation on this error, please visit: http://seleniumhq.org/exceptions/no_such_element.html
Build info: version: '3.5.3', revision: 'a88d25fe6b', time: '2017-08-29T12:42:44.417Z'
System info: host: 'workstation', ip: '10.142.0.2', os.name: 'Linux', os.arch: 'amd64', os.version: '3.10.0-693.21.1.el7.x86_64', java.version: '1.8.0_171'
Driver info: org.openqa.selenium.remote.RemoteWebDriver
Capabilities [{mobileEmulationEnabled=false, hasTouchScreen=false, platform=XP, acceptSslCerts=false, acceptInsecureCerts=false, webStorageEnabled=true, takesScreenshot=true, browserName=chrome, javascriptEnabled=true, platformName=XP, setWindowRect=true, unexpectedAlertBehaviour=, applicationCacheEnabled=false, rotatable=false, networkConnectionEnabled=false, chrome={chromedriverVersion=2.38.551601 (edb21f07fc70e9027c746edd3201443e011a61ed), userDataDir=C:\Users\ADMINI~1\AppData\Local\Temp\scoped_dir1548_15139}, takesHeapSnapshot=true, unhandledPromptBehavior=, pageLoadStrategy=normal, hasMetadata=true, handlesAlerts=true, databaseEnabled=false, version=66.0.3359.117, browserConnectionEnabled=false, nativeEvents=true, webdriver.remote.sessionid=12ce2b1856a64e66827cfeffb3a3fc38, locationContextEnabled=true, cssSelectorsEnabled=true}]
Session ID: 12ce2b1856a64e66827cfeffb3a3fc38
*** Element info: {Using=xpath, value=//td[text()='Virat Kohli']}
	at framework.CrudStudent.createStudent(CrudStudent.java:59)
</failure>
  </testcase>
  <testcase name="editStudent" classname="framework.CrudStudent" time="0">
    <skipped message="Method CrudStudent.editStudent()[pri:3, instance:framework.CrudStudent@6615435c] depends on not successfully finished methods"/>
  </testcase>
  <testcase name="deleteStudent" classname="framework.CrudStudent" time="0">
    <skipped message="Method CrudStudent.deleteStudent()[pri:4, instance:framework.CrudStudent@6615435c] depends on not successfully finished methods"/>
  </testcase>
</testsuite>